<?xml version="1.0" encoding="utf-8"?><testsuites><testsuite errors="0" failures="0" hostname="inspiron-3583" name="pytest" skipped="0" tests="5" time="0.866" timestamp="2020-05-04T13:22:00.505135"><testcase classname="test_submit" file="test_submit.py" line="3" name="test_q1" time="0.000"></testcase><testcase classname="test_submit" file="test_submit.py" line="9" name="test_q2" time="0.000"></testcase><testcase classname="test_submit" file="test_submit.py" line="15" name="test_q3" time="0.001"></testcase><testcase classname="test_submit" file="test_submit.py" line="21" name="test_q4" time="0.000"></testcase><testcase classname="test_submit" file="test_submit.py" line="27" name="test_q5" time="0.000"></testcase></testsuite></testsuites>